Сборка начата 27.10.2023 17:43:58.
Уровень детализации журнала: Normal.     1>Проект "D:\Учеба\Академ\Структуры данных\6\Lab6\Lab6.vcxproj" в узле 2 (целевые объекты Build).
     1>PrepareForBuild:
         Создание каталога "x64\Debug\Lab6.tlog\".
       InitializeBuildStatus:
         Создание "x64\Debug\Lab6.tlog\unsuccessfulbuild", так как было задано "AlwaysCreate".
         Обращение к "x64\Debug\Lab6.tlog\unsuccessfulbuild".
       ClCompile:
         C:\Program Files\Microsoft Visual Studio\2022\Community\VC\Tools\MSVC\14.37.32822\bin\HostX64\x64\CL.exe /c /ZI /JMC /nologo /W3 /WX- /diagnostics:column /sdl /Od /D _DEBUG /D _CONSOLE /D _UNICODE /D UNICODE /Gm- /EHsc /RTC1 /MDd /GS /fp:precise /Zc:wchar_t /Zc:forScope /Zc:inline /permissive- /Fo"x64\Debug\\" /Fd"x64\Debug\vc143.pdb" /external:W3 /Gd /TP /FC /errorReport:prompt Lab6.cpp
         Lab6.cpp
     1>D:\Учеба\Академ\Структуры данных\6\Lab6\Lab6.cpp(70,22): warning C4305: аргумент: усечение из "__int64" в "int"
     1>D:\Учеба\Академ\Структуры данных\6\Lab6\Lab6.cpp(70,22): warning C4309: аргумент: усечение константного значения
     1>D:\Учеба\Академ\Структуры данных\6\Lab6\Lab6.cpp(71,22): warning C4305: аргумент: усечение из "__int64" в "int"
     1>D:\Учеба\Академ\Структуры данных\6\Lab6\Lab6.cpp(71,22): warning C4309: аргумент: усечение константного значения
     1>D:\Учеба\Академ\Структуры данных\6\Lab6\Lab6.cpp(72,22): warning C4305: аргумент: усечение из "__int64" в "int"
     1>D:\Учеба\Академ\Структуры данных\6\Lab6\Lab6.cpp(72,22): warning C4309: аргумент: усечение константного значения
     1>D:\Учеба\Академ\Структуры данных\6\Lab6\Lab6.cpp(78,41): warning C4305: аргумент: усечение из "__int64" в "int"
     1>D:\Учеба\Академ\Структуры данных\6\Lab6\Lab6.cpp(78,41): warning C4309: аргумент: усечение константного значения
     1>D:\Учеба\Академ\Структуры данных\6\Lab6\Lab6.cpp(87,22): warning C4305: аргумент: усечение из "__int64" в "int"
     1>D:\Учеба\Академ\Структуры данных\6\Lab6\Lab6.cpp(87,22): warning C4309: аргумент: усечение константного значения
       Link:
         C:\Program Files\Microsoft Visual Studio\2022\Community\VC\Tools\MSVC\14.37.32822\bin\HostX64\x64\link.exe /ERRORREPORT:PROMPT /OUT:"D:\Учеба\Академ\Структуры данных\6\Lab6\x64\Debug\Lab6.exe" /INCREMENTAL /ILK:"x64\Debug\Lab6.ilk" /NOLOGO kernel32.lib user32.lib gdi32.lib winspool.lib comdlg32.lib advapi32.lib shell32.lib ole32.lib oleaut32.lib uuid.lib odbc32.lib odbccp32.lib /MANIFEST /MANIFESTUAC:"level='asInvoker' uiAccess='false'" /manifest:embed /DEBUG /PDB:"D:\Учеба\Академ\Структуры данных\6\Lab6\x64\Debug\Lab6.pdb" /SUBSYSTEM:CONSOLE /TLBID:1 /DYNAMICBASE /NXCOMPAT /IMPLIB:"D:\Учеба\Академ\Структуры данных\6\Lab6\x64\Debug\Lab6.lib" /MACHINE:X64 x64\Debug\Lab6.obj
         Lab6.vcxproj -> D:\Учеба\Академ\Структуры данных\6\Lab6\x64\Debug\Lab6.exe
       FinalizeBuildStatus:
         Файл "x64\Debug\Lab6.tlog\unsuccessfulbuild" удаляется.
         Обращение к "x64\Debug\Lab6.tlog\Lab6.lastbuildstate".
     1>Сборка проекта "D:\Учеба\Академ\Структуры данных\6\Lab6\Lab6.vcxproj" завершена (целевые объекты Build).

Сборка успешно завершена.

       "D:\Учеба\Академ\Структуры данных\6\Lab6\Lab6.vcxproj" (целевой объект Build ) (1) ->
       (Целевой объект ClCompile) -> 
         D:\Учеба\Академ\Структуры данных\6\Lab6\Lab6.cpp(70,22): warning C4305: аргумент: усечение из "__int64" в "int"
         D:\Учеба\Академ\Структуры данных\6\Lab6\Lab6.cpp(70,22): warning C4309: аргумент: усечение константного значения
         D:\Учеба\Академ\Структуры данных\6\Lab6\Lab6.cpp(71,22): warning C4305: аргумент: усечение из "__int64" в "int"
         D:\Учеба\Академ\Структуры данных\6\Lab6\Lab6.cpp(71,22): warning C4309: аргумент: усечение константного значения
         D:\Учеба\Академ\Структуры данных\6\Lab6\Lab6.cpp(72,22): warning C4305: аргумент: усечение из "__int64" в "int"
         D:\Учеба\Академ\Структуры данных\6\Lab6\Lab6.cpp(72,22): warning C4309: аргумент: усечение константного значения
         D:\Учеба\Академ\Структуры данных\6\Lab6\Lab6.cpp(78,41): warning C4305: аргумент: усечение из "__int64" в "int"
         D:\Учеба\Академ\Структуры данных\6\Lab6\Lab6.cpp(78,41): warning C4309: аргумент: усечение константного значения
         D:\Учеба\Академ\Структуры данных\6\Lab6\Lab6.cpp(87,22): warning C4305: аргумент: усечение из "__int64" в "int"
         D:\Учеба\Академ\Структуры данных\6\Lab6\Lab6.cpp(87,22): warning C4309: аргумент: усечение константного значения

    Предупреждений: 10
    Ошибок: 0

Прошло времени 00:00:02.01
